<?xml version="1.0" encoding="UTF-8"?>
<!-- Generated by org.testng.reporters.JUnitReportReporter -->
<testsuite hostname="buddhikavindra" failures="0" tests="1" name="testcases.TestCaseOne" time="28.358" errors="0" timestamp="2021-05-11T01:20:58 IST" skipped="0">
  <testcase classname="testcases.TestCaseOne" name="testcase" time="28.358"/>
  <system-out>
browser started Type on //input[@id='user-name']   Value  : standard_user Type on //input[@id='password']   Value  : secret_sauce Click on //input[@id='login-button']  driver  paused  value matched with given value   input URLhttps://www.saucedemo.com/inventory.html   pageURL  :https://www.saucedemo.com/inventory.html Click on //div[text()='Sauce Labs Backpack'] value matched with given value   input value$29.99   existing value  :$29.99 value matched with given value   input valueSauce Labs Backpack   existing value  :Sauce Labs Backpack Click on //button[@id='add-to-cart-sauce-labs-backpack'] Click on //div[@id="shopping_cart_container"] value matched with given value   input URLhttps://www.saucedemo.com/cart.html   pageURL  :https://www.saucedemo.com/cart.html value matched with given value   input value$29.99   existing value  :$29.99 value matched with given value   input valueSauce Labs Backpack   existing value  :Sauce Labs Backpack Click on //button[@id='remove-sauce-labs-backpack'] not found not found Click on //button[@id='continue-shopping'] Click on //div[text()='Sauce Labs Backpack'] value matched with given value   input value$29.99   existing value  :$29.99 value matched with given value   input valueSauce Labs Backpack   existing value  :Sauce Labs Backpack Click on //button[@id='add-to-cart-sauce-labs-backpack'] Click on //button[@id='back-to-products'] Click on //div[text()='Sauce Labs Bike Light'] value matched with given value   input value$9.99   existing value  :$9.99 value matched with given value   input valueSauce Labs Bike Light   existing value  :Sauce Labs Bike Light Click on //button[@id='add-to-cart-sauce-labs-bike-light'] Click on //div[@id="shopping_cart_container"] Click on //button[@id='checkout'] Type on //input[@id='first-name']   Value  : standard_user Type on //input[@id='last-name']   Value  : standard_user2 Type on //input[@id='postal-code']   Value  : 5848754 Click on //input[@id='continue']  object count is   : 2 Click on //button[@id='finish'] value matched with given value   input valueTHANK YOU FOR YOUR ORDER   existing value  :THANK YOU FOR YOUR ORDER value matched with given value   input URLhttps://www.saucedemo.com/checkout-complete.html   pageURL  :https://www.saucedemo.com/checkout-complete.html  driver  closed   </system-out>
</testsuite> <!-- testcases.TestCaseOne -->
